2025-05-07 13:02:45 [ERROR] unhandledRejection: connect ECONNREFUSED ::1:3306
Error: connect ECONNREFUSED ::1:3306
    at TCPConnectWrap.afterConnect [as oncomplete] (node:net:1615:16)
Error: connect ECONNREFUSED ::1:3306
    at TCPConnectWrap.afterConnect [as oncomplete] (node:net:1615:16)
{
  error: Error: connect ECONNREFUSED ::1:3306
      at TCPConnectWrap.afterConnect [as oncomplete] (node:net:1615:16) {
    errno: -4078,
    code: 'ECONNREFUSED',
    syscall: 'connect',
    address: '::1',
    port: 3306,
    fatal: true
  },
  rejection: true,
  date: 'Wed May 07 2025 13:02:45 GMT+0530 (India Standard Time)',
  process: {
    pid: 21448,
    uid: null,
    gid: null,
    cwd: 'M:\\jagya-contruction\\jagya_const\\backend',
    execPath: 'C:\\Program Files\\nodejs\\node.exe',
    version: 'v22.12.0',
    argv: [
      'C:\\Program Files\\nodejs\\node.exe',
      'M:\\jagya-contruction\\jagya_const\\backend\\app.js'
    ],
    memoryUsage: {
      rss: 109428736,
      heapTotal: 72429568,
      heapUsed: 41171736,
      external: 2358768,
      arrayBuffers: 17055
    }
  },
  os: { loadavg: [ 0, 0, 0 ], uptime: 248.109 },
  trace: [
    {
      column: 16,
      file: 'node:net',
      function: 'TCPConnectWrap.afterConnect [as oncomplete]',
      line: 1615,
      method: 'afterConnect [as oncomplete]',
      native: false
    }
  ],
  [Symbol(level)]: 'error'
}
