2025-04-10 11:07:32 [ERROR] uncaughtException: connect ECONNREFUSED ::1:3306
Error: connect ECONNREFUSED ::1:3306
    at TCPConnectWrap.afterConnect [as oncomplete] (node:net:1615:16)
Error: connect ECONNREFUSED ::1:3306
    at TCPConnectWrap.afterConnect [as oncomplete] (node:net:1615:16)
{
  error: Error: connect ECONNREFUSED ::1:3306
      at TCPConnectWrap.afterConnect [as oncomplete] (node:net:1615:16) {
    errno: -4078,
    code: 'ECONNREFUSED',
    syscall: 'connect',
    address: '::1',
    port: 3306,
    fatal: true
  },
  exception: true,
  date: 'Thu Apr 10 2025 11:07:32 GMT+0530 (India Standard Time)',
  process: {
    pid: 20428,
    uid: null,
    gid: null,
    cwd: 'M:\\jagya-contruction\\jagya_const\\backend',
    execPath: 'C:\\Program Files\\nodejs\\node.exe',
    version: 'v22.12.0',
    argv: [
      'C:\\Program Files\\nodejs\\node.exe',
      'M:\\jagya-contruction\\jagya_const\\backend\\app.js'
    ],
    memoryUsage: {
      rss: 116961280,
      heapTotal: 72634368,
      heapUsed: 41331672,
      external: 2354223,
      arrayBuffers: 17079
    }
  },
  os: { loadavg: [ 0, 0, 0 ], uptime: 2086.078 },
  trace: [
    {
      column: 16,
      file: 'node:net',
      function: 'TCPConnectWrap.afterConnect [as oncomplete]',
      line: 1615,
      method: 'afterConnect [as oncomplete]',
      native: false
    }
  ],
  [Symbol(level)]: 'error'
}
